{"/home/ubuntu/workspace/app/helpers/modules.js":{"path":"/home/ubuntu/workspace/app/helpers/modules.js","s":{"1":1},"b":{},"f":{},"fnMap":{},"statementMap":{"1":{"start":{"line":1,"column":0},"end":{"line":31,"column":1}}},"branchMap":{}},"/home/ubuntu/workspace/app/config/database.js":{"path":"/home/ubuntu/workspace/app/config/database.js","s":{"1":1,"2":1,"3":1,"4":1,"5":1,"6":1,"7":0,"8":1,"9":1,"10":0,"11":1},"b":{"1":[1,0],"2":[0,1],"3":[1,0]},"f":{},"fnMap":{},"statementMap":{"1":{"start":{"line":1,"column":0},"end":{"line":1,"column":62}},"2":{"start":{"line":2,"column":0},"end":{"line":2,"column":48}},"3":{"start":{"line":3,"column":0},"end":{"line":3,"column":49}},"4":{"start":{"line":5,"column":0},"end":{"line":5,"column":17}},"5":{"start":{"line":6,"column":0},"end":{"line":6,"column":48}},"6":{"start":{"line":8,"column":0},"end":{"line":14,"column":1}},"7":{"start":{"line":9,"column":2},"end":{"line":9,"column":23}},"8":{"start":{"line":10,"column":7},"end":{"line":14,"column":1}},"9":{"start":{"line":11,"column":2},"end":{"line":11,"column":17}},"10":{"start":{"line":13,"column":2},"end":{"line":13,"column":24}},"11":{"start":{"line":16,"column":0},"end":{"line":16,"column":25}}},"branchMap":{"1":{"line":6,"type":"binary-expr","locations":[{"start":{"line":6,"column":10},"end":{"line":6,"column":30}},{"start":{"line":6,"column":34},"end":{"line":6,"column":47}}]},"2":{"line":8,"type":"if","locations":[{"start":{"line":8,"column":0},"end":{"line":8,"column":0}},{"start":{"line":8,"column":0},"end":{"line":8,"column":0}}]},"3":{"line":10,"type":"if","locations":[{"start":{"line":10,"column":7},"end":{"line":10,"column":7}},{"start":{"line":10,"column":7},"end":{"line":10,"column":7}}]}}},"/home/ubuntu/workspace/app/models/index.js":{"path":"/home/ubuntu/workspace/app/models/index.js","s":{"1":1,"2":1,"3":1,"4":1,"5":1,"6":1,"7":1,"8":1,"9":3,"10":3},"b":{},"f":{},"fnMap":{},"statementMap":{"1":{"start":{"line":1,"column":0},"end":{"line":1,"column":54}},"2":{"start":{"line":3,"column":0},"end":{"line":3,"column":37}},"3":{"start":{"line":5,"column":0},"end":{"line":5,"column":31}},"4":{"start":{"line":7,"column":0},"end":{"line":7,"column":45}},"5":{"start":{"line":9,"column":0},"end":{"line":9,"column":20}},"6":{"start":{"line":11,"column":0},"end":{"line":11,"column":61}},"7":{"start":{"line":13,"column":0},"end":{"line":13,"column":42}},"8":{"start":{"line":14,"column":0},"end":{"line":17,"column":1}},"9":{"start":{"line":15,"column":2},"end":{"line":15,"column":30}},"10":{"start":{"line":16,"column":2},"end":{"line":16,"column":68}}},"branchMap":{}},"/home/ubuntu/workspace/app/helpers/logger.js":{"path":"/home/ubuntu/workspace/app/helpers/logger.js","s":{"1":1,"2":1,"3":1,"4":1,"5":1,"6":1,"7":1,"8":1,"9":2,"10":2,"11":0,"12":2,"13":2,"14":0,"15":2,"16":2,"17":1,"18":2,"19":2,"20":2,"21":2,"22":3,"23":2,"24":2,"25":5,"26":5,"27":1,"28":4,"29":1,"30":0,"31":0,"32":1,"33":2,"34":2,"35":2,"36":2,"37":1,"38":1},"b":{"1":[1,1],"2":[0,2],"3":[0,2],"4":[2,0],"5":[1,4],"6":[1,3]},"f":{"1":2,"2":2,"3":3,"4":2},"fnMap":{"1":{"name":"(anonymous_1)","line":15,"loc":{"start":{"line":15,"column":29},"end":{"line":15,"column":50}}},"2":{"name":"(anonymous_2)","line":29,"loc":{"start":{"line":29,"column":14},"end":{"line":29,"column":25}}},"3":{"name":"(anonymous_3)","line":33,"loc":{"start":{"line":33,"column":30},"end":{"line":33,"column":51}}},"4":{"name":"(anonymous_4)","line":52,"loc":{"start":{"line":52,"column":29},"end":{"line":52,"column":46}}}},"statementMap":{"1":{"start":{"line":1,"column":0},"end":{"line":1,"column":87}},"2":{"start":{"line":3,"column":0},"end":{"line":3,"column":25}},"3":{"start":{"line":5,"column":0},"end":{"line":5,"column":23}},"4":{"start":{"line":7,"column":0},"end":{"line":7,"column":58}},"5":{"start":{"line":9,"column":0},"end":{"line":9,"column":32}},"6":{"start":{"line":11,"column":0},"end":{"line":11,"column":42}},"7":{"start":{"line":13,"column":0},"end":{"line":13,"column":32}},"8":{"start":{"line":15,"column":0},"end":{"line":27,"column":2}},"9":{"start":{"line":16,"column":2},"end":{"line":16,"column":13}},"10":{"start":{"line":17,"column":2},"end":{"line":19,"column":3}},"11":{"start":{"line":18,"column":4},"end":{"line":18,"column":50}},"12":{"start":{"line":20,"column":2},"end":{"line":20,"column":25}},"13":{"start":{"line":21,"column":2},"end":{"line":23,"column":3}},"14":{"start":{"line":22,"column":4},"end":{"line":22,"column":26}},"15":{"start":{"line":24,"column":2},"end":{"line":26,"column":3}},"16":{"start":{"line":25,"column":4},"end":{"line":25,"column":76}},"17":{"start":{"line":29,"column":0},"end":{"line":50,"column":2}},"18":{"start":{"line":30,"column":2},"end":{"line":30,"column":38}},"19":{"start":{"line":31,"column":2},"end":{"line":48,"column":3}},"20":{"start":{"line":32,"column":4},"end":{"line":32,"column":20}},"21":{"start":{"line":33,"column":4},"end":{"line":35,"column":6}},"22":{"start":{"line":34,"column":6},"end":{"line":34,"column":19}},"23":{"start":{"line":36,"column":4},"end":{"line":36,"column":50}},"24":{"start":{"line":37,"column":4},"end":{"line":45,"column":5}},"25":{"start":{"line":38,"column":6},"end":{"line":38,"column":51}},"26":{"start":{"line":39,"column":6},"end":{"line":41,"column":7}},"27":{"start":{"line":40,"column":8},"end":{"line":40,"column":26}},"28":{"start":{"line":42,"column":6},"end":{"line":44,"column":7}},"29":{"start":{"line":43,"column":8},"end":{"line":43,"column":26}},"30":{"start":{"line":47,"column":4},"end":{"line":47,"column":15}},"31":{"start":{"line":49,"column":2},"end":{"line":49,"column":16}},"32":{"start":{"line":52,"column":0},"end":{"line":57,"column":2}},"33":{"start":{"line":53,"column":2},"end":{"line":53,"column":38}},"34":{"start":{"line":54,"column":2},"end":{"line":54,"column":59}},"35":{"start":{"line":55,"column":2},"end":{"line":55,"column":51}},"36":{"start":{"line":56,"column":2},"end":{"line":56,"column":32}},"37":{"start":{"line":59,"column":0},"end":{"line":59,"column":18}},"38":{"start":{"line":61,"column":0},"end":{"line":61,"column":19}}},"branchMap":{"1":{"line":11,"type":"binary-expr","locations":[{"start":{"line":11,"column":10},"end":{"line":11,"column":29}},{"start":{"line":11,"column":33},"end":{"line":11,"column":41}}]},"2":{"line":17,"type":"if","locations":[{"start":{"line":17,"column":2},"end":{"line":17,"column":2}},{"start":{"line":17,"column":2},"end":{"line":17,"column":2}}]},"3":{"line":21,"type":"if","locations":[{"start":{"line":21,"column":2},"end":{"line":21,"column":2}},{"start":{"line":21,"column":2},"end":{"line":21,"column":2}}]},"4":{"line":24,"type":"if","locations":[{"start":{"line":24,"column":2},"end":{"line":24,"column":2}},{"start":{"line":24,"column":2},"end":{"line":24,"column":2}}]},"5":{"line":39,"type":"if","locations":[{"start":{"line":39,"column":6},"end":{"line":39,"column":6}},{"start":{"line":39,"column":6},"end":{"line":39,"column":6}}]},"6":{"line":42,"type":"if","locations":[{"start":{"line":42,"column":6},"end":{"line":42,"column":6}},{"start":{"line":42,"column":6},"end":{"line":42,"column":6}}]}}},"/home/ubuntu/workspace/app/helpers/modulesLoader.js":{"path":"/home/ubuntu/workspace/app/helpers/modulesLoader.js","s":{"1":1,"2":1,"3":1,"4":1,"5":3,"6":3,"7":3,"8":3,"9":1},"b":{"1":[3,0],"2":[3,3]},"f":{"1":1,"2":3},"fnMap":{"1":{"name":"(anonymous_1)","line":1,"loc":{"start":{"line":1,"column":17},"end":{"line":1,"column":38}}},"2":{"name":"(anonymous_2)","line":4,"loc":{"start":{"line":4,"column":48},"end":{"line":4,"column":63}}}},"statementMap":{"1":{"start":{"line":1,"column":0},"end":{"line":13,"column":2}},"2":{"start":{"line":2,"column":2},"end":{"line":2,"column":20}},"3":{"start":{"line":3,"column":2},"end":{"line":3,"column":21}},"4":{"start":{"line":4,"column":2},"end":{"line":10,"column":5}},"5":{"start":{"line":5,"column":4},"end":{"line":5,"column":13}},"6":{"start":{"line":6,"column":4},"end":{"line":9,"column":5}},"7":{"start":{"line":7,"column":6},"end":{"line":7,"column":37}},"8":{"start":{"line":8,"column":6},"end":{"line":8,"column":66}},"9":{"start":{"line":12,"column":2},"end":{"line":12,"column":23}}},"branchMap":{"1":{"line":6,"type":"if","locations":[{"start":{"line":6,"column":4},"end":{"line":6,"column":4}},{"start":{"line":6,"column":4},"end":{"line":6,"column":4}}]},"2":{"line":6,"type":"binary-expr","locations":[{"start":{"line":6,"column":9},"end":{"line":6,"column":38}},{"start":{"line":6,"column":43},"end":{"line":6,"column":62}}]}}},"/home/ubuntu/workspace/app/models/schemas/base.js":{"path":"/home/ubuntu/workspace/app/models/schemas/base.js","s":{"1":1,"2":1,"3":1,"4":1,"5":0,"6":0,"7":0,"8":1,"9":0,"10":1,"11":0,"12":0,"13":0,"14":0,"15":1,"16":0,"17":1,"18":1,"19":1},"b":{"1":[0,0]},"f":{"1":0,"2":0,"3":0,"4":0},"fnMap":{"1":{"name":"(anonymous_1)","line":16,"loc":{"start":{"line":16,"column":23},"end":{"line":16,"column":38}}},"2":{"name":"(anonymous_2)","line":23,"loc":{"start":{"line":23,"column":26},"end":{"line":23,"column":39}}},"3":{"name":"(anonymous_3)","line":27,"loc":{"start":{"line":27,"column":28},"end":{"line":27,"column":55}}},"4":{"name":"(anonymous_4)","line":34,"loc":{"start":{"line":34,"column":30},"end":{"line":34,"column":47}}}},"statementMap":{"1":{"start":{"line":1,"column":0},"end":{"line":1,"column":35}},"2":{"start":{"line":2,"column":0},"end":{"line":2,"column":47}},"3":{"start":{"line":4,"column":0},"end":{"line":14,"column":3}},"4":{"start":{"line":16,"column":0},"end":{"line":21,"column":3}},"5":{"start":{"line":17,"column":2},"end":{"line":19,"column":3}},"6":{"start":{"line":18,"column":4},"end":{"line":18,"column":32}},"7":{"start":{"line":20,"column":2},"end":{"line":20,"column":16}},"8":{"start":{"line":23,"column":0},"end":{"line":25,"column":2}},"9":{"start":{"line":24,"column":2},"end":{"line":24,"column":32}},"10":{"start":{"line":27,"column":0},"end":{"line":32,"column":2}},"11":{"start":{"line":28,"column":2},"end":{"line":28,"column":13}},"12":{"start":{"line":29,"column":2},"end":{"line":29,"column":14}},"13":{"start":{"line":30,"column":2},"end":{"line":30,"column":24}},"14":{"start":{"line":31,"column":2},"end":{"line":31,"column":36}},"15":{"start":{"line":34,"column":0},"end":{"line":38,"column":2}},"16":{"start":{"line":35,"column":2},"end":{"line":37,"column":14}},"17":{"start":{"line":40,"column":0},"end":{"line":40,"column":25}},"18":{"start":{"line":41,"column":0},"end":{"line":41,"column":28}},"19":{"start":{"line":42,"column":0},"end":{"line":42,"column":22}}},"branchMap":{"1":{"line":17,"type":"if","locations":[{"start":{"line":17,"column":2},"end":{"line":17,"column":2}},{"start":{"line":17,"column":2},"end":{"line":17,"column":2}}]}}},"/home/ubuntu/workspace/app/models/schemas/party.js":{"path":"/home/ubuntu/workspace/app/models/schemas/party.js","s":{"1":1,"2":1,"3":1,"4":1,"5":1,"6":1,"7":0,"8":1,"9":0,"10":1,"11":1,"12":1},"b":{},"f":{"1":0,"2":0},"fnMap":{"1":{"name":"(anonymous_1)","line":25,"loc":{"start":{"line":25,"column":27},"end":{"line":25,"column":40}}},"2":{"name":"(anonymous_2)","line":29,"loc":{"start":{"line":29,"column":31},"end":{"line":29,"column":48}}}},"statementMap":{"1":{"start":{"line":1,"column":0},"end":{"line":1,"column":35}},"2":{"start":{"line":3,"column":0},"end":{"line":3,"column":47}},"3":{"start":{"line":5,"column":0},"end":{"line":5,"column":45}},"4":{"start":{"line":7,"column":0},"end":{"line":7,"column":29}},"5":{"start":{"line":9,"column":0},"end":{"line":23,"column":3}},"6":{"start":{"line":25,"column":0},"end":{"line":27,"column":2}},"7":{"start":{"line":26,"column":2},"end":{"line":26,"column":32}},"8":{"start":{"line":29,"column":0},"end":{"line":33,"column":2}},"9":{"start":{"line":30,"column":2},"end":{"line":32,"column":14}},"10":{"start":{"line":35,"column":0},"end":{"line":35,"column":25}},"11":{"start":{"line":36,"column":0},"end":{"line":36,"column":29}},"12":{"start":{"line":37,"column":0},"end":{"line":37,"column":23}}},"branchMap":{}},"/home/ubuntu/workspace/app/models/schemas/user.js":{"path":"/home/ubuntu/workspace/app/models/schemas/user.js","s":{"1":1,"2":1,"3":1,"4":1,"5":1,"6":1,"7":0,"8":0,"9":1,"10":0,"11":1,"12":0,"13":1,"14":1,"15":1},"b":{},"f":{"1":0,"2":0,"3":0},"fnMap":{"1":{"name":"(anonymous_1)","line":68,"loc":{"start":{"line":68,"column":37},"end":{"line":68,"column":60}}},"2":{"name":"(anonymous_2)","line":73,"loc":{"start":{"line":73,"column":26},"end":{"line":73,"column":39}}},"3":{"name":"(anonymous_3)","line":77,"loc":{"start":{"line":77,"column":30},"end":{"line":77,"column":47}}}},"statementMap":{"1":{"start":{"line":1,"column":0},"end":{"line":1,"column":35}},"2":{"start":{"line":3,"column":0},"end":{"line":3,"column":47}},"3":{"start":{"line":5,"column":0},"end":{"line":5,"column":45}},"4":{"start":{"line":7,"column":0},"end":{"line":7,"column":29}},"5":{"start":{"line":9,"column":0},"end":{"line":66,"column":3}},"6":{"start":{"line":68,"column":0},"end":{"line":71,"column":50}},"7":{"start":{"line":69,"column":2},"end":{"line":69,"column":31}},"8":{"start":{"line":70,"column":2},"end":{"line":70,"column":26}},"9":{"start":{"line":73,"column":0},"end":{"line":75,"column":2}},"10":{"start":{"line":74,"column":2},"end":{"line":74,"column":32}},"11":{"start":{"line":77,"column":0},"end":{"line":81,"column":2}},"12":{"start":{"line":78,"column":2},"end":{"line":80,"column":14}},"13":{"start":{"line":83,"column":0},"end":{"line":83,"column":25}},"14":{"start":{"line":84,"column":0},"end":{"line":84,"column":28}},"15":{"start":{"line":85,"column":0},"end":{"line":85,"column":22}}},"branchMap":{}}}