TN:
SF:/home/ubuntu/workspace/app/helpers/modules.js
FNF:0
FNH:0
DA:1,1
LF:1
LH:1
BRF:0
BRH:0
end_of_record
TN:
SF:/home/ubuntu/workspace/app/config/database.js
FNF:0
FNH:0
DA:1,1
DA:2,1
DA:3,1
DA:5,1
DA:6,1
DA:8,1
DA:9,0
DA:10,1
DA:11,1
DA:13,0
DA:16,1
LF:11
LH:9
BRDA:6,1,0,1
BRDA:6,1,1,0
BRDA:8,2,0,0
BRDA:8,2,1,1
BRDA:10,3,0,1
BRDA:10,3,1,0
BRF:6
BRH:3
end_of_record
TN:
SF:/home/ubuntu/workspace/app/models/index.js
FNF:0
FNH:0
DA:1,1
DA:3,1
DA:5,1
DA:7,1
DA:9,1
DA:11,1
DA:13,1
DA:14,1
DA:15,3
DA:16,3
LF:10
LH:10
BRF:0
BRH:0
end_of_record
TN:
SF:/home/ubuntu/workspace/app/helpers/logger.js
FN:15,(anonymous_1)
FN:29,(anonymous_2)
FN:33,(anonymous_3)
FN:52,(anonymous_4)
FNF:4
FNH:4
FNDA:2,(anonymous_1)
FNDA:2,(anonymous_2)
FNDA:3,(anonymous_3)
FNDA:2,(anonymous_4)
DA:1,1
DA:3,1
DA:5,1
DA:7,1
DA:9,1
DA:11,1
DA:13,1
DA:15,1
DA:16,2
DA:17,2
DA:18,0
DA:20,2
DA:21,2
DA:22,0
DA:24,2
DA:25,2
DA:29,1
DA:30,2
DA:31,2
DA:32,2
DA:33,2
DA:34,3
DA:36,2
DA:37,2
DA:38,5
DA:39,5
DA:40,1
DA:42,4
DA:43,1
DA:47,0
DA:49,0
DA:52,1
DA:53,2
DA:54,2
DA:55,2
DA:56,2
DA:59,1
DA:61,1
LF:38
LH:34
BRDA:11,1,0,1
BRDA:11,1,1,1
BRDA:17,2,0,0
BRDA:17,2,1,2
BRDA:21,3,0,0
BRDA:21,3,1,2
BRDA:24,4,0,2
BRDA:24,4,1,0
BRDA:39,5,0,1
BRDA:39,5,1,4
BRDA:42,6,0,1
BRDA:42,6,1,3
BRF:12
BRH:9
end_of_record
TN:
SF:/home/ubuntu/workspace/app/helpers/modulesLoader.js
FN:1,(anonymous_1)
FN:4,(anonymous_2)
FNF:2
FNH:2
FNDA:1,(anonymous_1)
FNDA:3,(anonymous_2)
DA:1,1
DA:2,1
DA:3,1
DA:4,1
DA:5,3
DA:6,3
DA:7,3
DA:8,3
DA:12,1
LF:9
LH:9
BRDA:6,1,0,3
BRDA:6,1,1,0
BRDA:6,2,0,3
BRDA:6,2,1,3
BRF:4
BRH:3
end_of_record
TN:
SF:/home/ubuntu/workspace/app/models/schemas/base.js
FN:16,(anonymous_1)
FN:23,(anonymous_2)
FN:27,(anonymous_3)
FN:34,(anonymous_4)
FNF:4
FNH:0
FNDA:0,(anonymous_1)
FNDA:0,(anonymous_2)
FNDA:0,(anonymous_3)
FNDA:0,(anonymous_4)
DA:1,1
DA:2,1
DA:4,1
DA:16,1
DA:17,0
DA:18,0
DA:20,0
DA:23,1
DA:24,0
DA:27,1
DA:28,0
DA:29,0
DA:30,0
DA:31,0
DA:34,1
DA:35,0
DA:40,1
DA:41,1
DA:42,1
LF:19
LH:10
BRDA:17,1,0,0
BRDA:17,1,1,0
BRF:2
BRH:0
end_of_record
TN:
SF:/home/ubuntu/workspace/app/models/schemas/party.js
FN:25,(anonymous_1)
FN:29,(anonymous_2)
FNF:2
FNH:0
FNDA:0,(anonymous_1)
FNDA:0,(anonymous_2)
DA:1,1
DA:3,1
DA:5,1
DA:7,1
DA:9,1
DA:25,1
DA:26,0
DA:29,1
DA:30,0
DA:35,1
DA:36,1
DA:37,1
LF:12
LH:10
BRF:0
BRH:0
end_of_record
TN:
SF:/home/ubuntu/workspace/app/models/schemas/user.js
FN:68,(anonymous_1)
FN:73,(anonymous_2)
FN:77,(anonymous_3)
FNF:3
FNH:0
FNDA:0,(anonymous_1)
FNDA:0,(anonymous_2)
FNDA:0,(anonymous_3)
DA:1,1
DA:3,1
DA:5,1
DA:7,1
DA:9,1
DA:68,1
DA:69,0
DA:70,0
DA:73,1
DA:74,0
DA:77,1
DA:78,0
DA:83,1
DA:84,1
DA:85,1
LF:15
LH:11
BRF:0
BRH:0
end_of_record
